<?xml version="1.0" encoding="UTF-8"?>

<databaseChangeLog
        xmlns="http://www.liquibase.org/xml/ns/dbchangelog"
        xmlns:xsi="http://www.w3.org/2001/XMLSchema-instance"
        xsi:schemaLocation="http://www.liquibase.org/xml/ns/dbchangelog
        http://www.liquibase.org/xml/ns/dbchangelog/dbchangelog-4.6.xsd">

    <changeSet id="1-add test data to table 'mechanic_details'"
               author="Grigorovich">
        <sql>
            insert into mechanic_details(mechanic_details_experience,
                                         mechanic_details_salary)
            values ("4,5", "2000"),
                   ("1", "1000"),
                   ("10", "3000")

        </sql>
    </changeSet>
</databaseChangeLog>