<?xml version="1.0" encoding="UTF-8"?>

<databaseChangeLog
        xmlns="http://www.liquibase.org/xml/ns/dbchangelog"
        xmlns:xsi="http://www.w3.org/2001/XMLSchema-instance"
        xsi:schemaLocation="http://www.liquibase.org/xml/ns/dbchangelog
        http://www.liquibase.org/xml/ns/dbchangelog/dbchangelog-4.6.xsd">

    <changeSet id="1-add test data to table 'work_list'"
               author="Grigorovich">
        <sql>
            insert into work_list(work_list_name,
                                  work_list_coast,
                                  orders_id)
            values ("Ремонт двигателя", "500 р", 1),
                   ("Ремонт тормозной системы", "300 р", 1),
                   ("Заправка и обслуживание кондиционера", "60", 2),
                   ("Заправка и обслуживание системы охлаждения", "90", 3);
        </sql>
    </changeSet>
</databaseChangeLog>