<?xml version="1.0" encoding="UTF-8"?>

<databaseChangeLog
        xmlns="http://www.liquibase.org/xml/ns/dbchangelog"
        xmlns:xsi="http://www.w3.org/2001/XMLSchema-instance"
        xsi:schemaLocation="http://www.liquibase.org/xml/ns/dbchangelog
        http://www.liquibase.org/xml/ns/dbchangelog/dbchangelog-4.6.xsd">

    <changeSet id="1-add test data to table 'administrator'"
               author="Grigorovich">
        <sql>
            insert into administrator(administrator_name, administrator_last_name)
            values ("Александр", "Иларионович"),
                   ("Вадим", "Владиславович"),
                   ("Тамара", "Владимировна")
        </sql>
    </changeSet>
</databaseChangeLog>