<?xml version="1.0" encoding="UTF-8"?>

<databaseChangeLog
        xmlns="http://www.liquibase.org/xml/ns/dbchangelog"
        xmlns:xsi="http://www.w3.org/2001/XMLSchema-instance"
        xsi:schemaLocation="http://www.liquibase.org/xml/ns/dbchangelog
        http://www.liquibase.org/xml/ns/dbchangelog/dbchangelog-4.6.xsd">

    <changeSet id="1-add test data to table 'spare_part'"
               author="Grigorovich">
        <sql>
            insert into spare_part(spare_part_name_part,
                                   spare_part_brand,
                                   spare_part_coast,
                                   work_list_id)
            values ("Коленвал", "Bosh", "150 р", 1),
                   ("Замена прокладки поддона", "Patron", "100 р", 1),
                   ("Тормозные колодки", "Brembo", "60 р", 1),
                   ("Смазка направляющей", "НовоХим", "10 р", 1),
                   ("Хладоген", "Хим+", "30 р", 2),
                   ("АнтифризПро", "Нова", "20 р", 3);
        </sql>
    </changeSet>
</databaseChangeLog>