<?xml version="1.0" encoding="UTF-8"?>

<databaseChangeLog
        xmlns="http://www.liquibase.org/xml/ns/dbchangelog"
        xmlns:xsi="http://www.w3.org/2001/XMLSchema-instance"
        xsi:schemaLocation="http://www.liquibase.org/xml/ns/dbchangelog
        http://www.liquibase.org/xml/ns/dbchangelog/dbchangelog-4.6.xsd">

    <changeSet id="1-add test data to table 'car'"
               author="Grigorovich">
        <sql>
            insert into car(car_model, car_color, car_number)
            values ("Peugeot 407", "black", "3663 PI-7"),
                   ("Audi A4 B8", "grey", "4884 II-2"),
                   ("Bmv X5", "black", "8888 MI-7")
        </sql>
    </changeSet>
</databaseChangeLog>