<?xml version="1.0" encoding="UTF-8"?>

<databaseChangeLog
        xmlns="http://www.liquibase.org/xml/ns/dbchangelog"
        xmlns:xsi="http://www.w3.org/2001/XMLSchema-instance"
        xsi:schemaLocation="http://www.liquibase.org/xml/ns/dbchangelog
        http://www.liquibase.org/xml/ns/dbchangelog/dbchangelog-4.6.xsd">

    <changeSet id="1-add test data to table 'client_details'"
               author="Grigorovich">
        <sql>
            insert into client_details(client_details_num_passport)
            values ("BM2134567"),
                   ("MP2133216"),
                   ("BN2238567");
        </sql>
    </changeSet>
</databaseChangeLog>