<?xml version="1.0" encoding="UTF-8"?>

<databaseChangeLog
        xmlns="http://www.liquibase.org/xml/ns/dbchangelog"
        xmlns:xsi="http://www.w3.org/2001/XMLSchema-instance"
        xsi:schemaLocation="http://www.liquibase.org/xml/ns/dbchangelog
        http://www.liquibase.org/xml/ns/dbchangelog/dbchangelog-4.6.xsd">

    <changeSet id="1-add test data to table 'orders'"
               author="Grigorovich">
        <sql>
            insert into orders(orders_description, administrator_id)
            values ("Замена масла", 1),
                   ("Заправка кондиционера", 2),
                   ("Замена антифриза", 1)
        </sql>
    </changeSet>
</databaseChangeLog>