<?xml version="1.0" encoding="UTF-8"?>

<databaseChangeLog
        xmlns="http://www.liquibase.org/xml/ns/dbchangelog"
        xmlns:xsi="http://www.w3.org/2001/XMLSchema-instance"
        xsi:schemaLocation="http://www.liquibase.org/xml/ns/dbchangelog
        http://www.liquibase.org/xml/ns/dbchangelog/dbchangelog-4.6.xsd">

    <changeSet id="1-add test data to table 'work_list'"
               author="Grigorovich">
        <sql>
            insert into work_list(work_list_name,
                                  work_list_coast,
                                  work_list_spare_part_id)
            values ("Ремонт двигателя", "500 р", 5),
                   ("Замена тормозной системы", "300 р", 2),
                   ("Замена резины", "100 р", 4);
        </sql>
    </changeSet>
</databaseChangeLog>